2025-04-27 23:08:49,719 INFO o.a.j.u.JMeterUtils: Setting Locale to en_EN
2025-04-27 23:08:49,743 INFO o.a.j.JMeter: Loading user properties from: C:\Users\WELCOME\jmeter\apache-jmeter-5.6.3\bin\user.properties
2025-04-27 23:08:49,743 INFO o.a.j.JMeter: Loading system properties from: C:\Users\WELCOME\jmeter\apache-jmeter-5.6.3\bin\system.properties
2025-04-27 23:08:49,752 INFO o.a.j.JMeter: Copyright (c) 1998-2024 The Apache Software Foundation
2025-04-27 23:08:49,752 INFO o.a.j.JMeter: Version 5.6.3
2025-04-27 23:08:49,752 INFO o.a.j.JMeter: java.version=17.0.12
2025-04-27 23:08:49,752 INFO o.a.j.JMeter: java.vm.name=Java HotSpot(TM) 64-Bit Server VM
2025-04-27 23:08:49,752 INFO o.a.j.JMeter: os.name=Windows 10
2025-04-27 23:08:49,752 INFO o.a.j.JMeter: os.arch=amd64
2025-04-27 23:08:49,752 INFO o.a.j.JMeter: os.version=10.0
2025-04-27 23:08:49,752 INFO o.a.j.JMeter: file.encoding=Cp1252
2025-04-27 23:08:49,752 INFO o.a.j.JMeter: java.awt.headless=true
2025-04-27 23:08:49,753 INFO o.a.j.JMeter: Max memory     =1073741824
2025-04-27 23:08:49,753 INFO o.a.j.JMeter: Available Processors =8
2025-04-27 23:08:49,765 INFO o.a.j.JMeter: Default Locale=English (EN)
2025-04-27 23:08:49,765 INFO o.a.j.JMeter: JMeter  Locale=English (EN)
2025-04-27 23:08:49,765 INFO o.a.j.JMeter: JMeterHome=C:\Users\WELCOME\jmeter\apache-jmeter-5.6.3
2025-04-27 23:08:49,765 INFO o.a.j.JMeter: user.dir  =D:\Dummyjson_performance
2025-04-27 23:08:49,766 INFO o.a.j.JMeter: PWD       =D:\Dummyjson_performance
2025-04-27 23:08:49,767 INFO o.a.j.JMeter: IP: 192.168.1.7 Name: DESKTOP-402E3ON FullName: host.docker.internal
2025-04-27 23:08:49,780 INFO o.a.j.JMeter: Setting property 'jmeter.reportgenerator.outputdir' to:'D:\Dummyjson_performance\result\report'
2025-04-27 23:08:49,780 INFO o.a.j.r.d.ReportGenerator: ReportGenerator will use for Parsing the separator: ','
2025-04-27 23:08:49,780 INFO o.a.j.r.d.ReportGenerator: Will only generate report from results file: result/result.jtl
2025-04-27 23:08:49,780 INFO o.a.j.r.d.ReportGenerator: Reading report generator properties from: C:\Users\WELCOME\jmeter\apache-jmeter-5.6.3\bin\reportgenerator.properties
2025-04-27 23:08:49,784 INFO o.a.j.r.d.ReportGenerator: Merging with JMeter properties
2025-04-27 23:08:49,788 INFO o.a.j.r.c.ReportGeneratorConfiguration: Property 'jmeter.reportgenerator.temp_dir' not found, using default value 'temp' instead.
2025-04-27 23:08:49,791 INFO o.a.j.r.c.ReportGeneratorConfiguration: Property 'jmeter.reportgenerator.apdex_per_transaction' not found, using default value 'null' instead.
2025-04-27 23:08:49,796 INFO o.a.j.r.c.ReportGeneratorConfiguration: apdex_per_transaction is empty, not APDEX per transaction customization
2025-04-27 23:08:49,797 INFO o.a.j.r.c.ReportGeneratorConfiguration: Property 'jmeter.reportgenerator.sample_filter' not found, using default value 'null' instead.
2025-04-27 23:08:49,797 INFO o.a.j.r.c.ReportGeneratorConfiguration: Property 'jmeter.reportgenerator.report_title' not found, using default value 'null' instead.
2025-04-27 23:08:49,797 INFO o.a.j.r.c.ReportGeneratorConfiguration: Property 'jmeter.reportgenerator.start_date' not found, using default value 'null' instead.
2025-04-27 23:08:49,797 INFO o.a.j.r.c.ReportGeneratorConfiguration: Property 'jmeter.reportgenerator.end_date' not found, using default value 'null' instead.
2025-04-27 23:08:49,797 INFO o.a.j.r.c.ReportGeneratorConfiguration: Property 'jmeter.reportgenerator.date_format' not found, using default value 'null' instead.
2025-04-27 23:08:49,797 INFO o.a.j.r.c.ReportGeneratorConfiguration: Will use date range start date: null, end date: null
2025-04-27 23:08:49,803 INFO o.a.j.r.c.ReportGeneratorConfiguration: Property 'jmeter.reportgenerator.graph.totalTPS.exclude_controllers' not found, using default value 'false' instead.
2025-04-27 23:08:49,803 INFO o.a.j.r.c.ReportGeneratorConfiguration: Property 'jmeter.reportgenerator.graph.activeThreadsOverTime.exclude_controllers' not found, using default value 'false' instead.
2025-04-27 23:08:49,803 INFO o.a.j.r.c.ReportGeneratorConfiguration: Property 'jmeter.reportgenerator.graph.timeVsThreads.exclude_controllers' not found, using default value 'false' instead.
2025-04-27 23:08:49,803 INFO o.a.j.r.c.ReportGeneratorConfiguration: Property 'jmeter.reportgenerator.graph.responseTimeDistribution.exclude_controllers' not found, using default value 'false' instead.
2025-04-27 23:08:49,803 INFO o.a.j.r.c.ReportGeneratorConfiguration: Property 'jmeter.reportgenerator.graph.transactionsPerSecond.exclude_controllers' not found, using default value 'false' instead.
2025-04-27 23:08:49,803 INFO o.a.j.r.c.ReportGeneratorConfiguration: Property 'jmeter.reportgenerator.graph.responseTimePercentiles.exclude_controllers' not found, using default value 'false' instead.
2025-04-27 23:08:49,803 INFO o.a.j.r.c.ReportGeneratorConfiguration: Property 'jmeter.reportgenerator.graph.responseTimePercentilesOverTime.exclude_controllers' not found, using default value 'false' instead.
2025-04-27 23:08:49,803 INFO o.a.j.r.c.ReportGeneratorConfiguration: Property 'jmeter.reportgenerator.graph.responseTimesOverTime.exclude_controllers' not found, using default value 'false' instead.
2025-04-27 23:08:49,803 INFO o.a.j.r.c.ReportGeneratorConfiguration: Property 'jmeter.reportgenerator.graph.connectTimeOverTime.exclude_controllers' not found, using default value 'false' instead.
2025-04-27 23:08:49,803 INFO o.a.j.r.c.ReportGeneratorConfiguration: Property 'jmeter.reportgenerator.graph.latenciesOverTime.exclude_controllers' not found, using default value 'false' instead.
2025-04-27 23:08:49,804 INFO o.a.j.r.c.ReportGeneratorConfiguration: Property 'jmeter.reportgenerator.exporter.json.filters_only_sample_series' not found, using default value 'true' instead.
2025-04-27 23:08:49,805 INFO o.a.j.r.c.ReportGeneratorConfiguration: Property 'jmeter.reportgenerator.exporter.json.series_filter' not found, using default value '' instead.
2025-04-27 23:08:49,805 INFO o.a.j.r.c.ReportGeneratorConfiguration: Property 'jmeter.reportgenerator.exporter.json.show_controllers_only' not found, using default value 'false' instead.
2025-04-27 23:08:49,805 INFO o.a.j.r.c.ReportGeneratorConfiguration: Property 'jmeter.reportgenerator.exporter.html.filters_only_sample_series' not found, using default value 'true' instead.
2025-04-27 23:08:49,805 INFO o.a.j.r.c.ReportGeneratorConfiguration: Property 'jmeter.reportgenerator.exporter.html.series_filter' not found, using default value '' instead.
2025-04-27 23:08:49,805 INFO o.a.j.r.c.ReportGeneratorConfiguration: Property 'jmeter.reportgenerator.exporter.html.show_controllers_only' not found, using default value 'false' instead.
2025-04-27 23:08:50,047 INFO o.a.j.s.SaveService: Testplan (JMX) version: 2.2. Testlog (JTL) version: 2.2
2025-04-27 23:08:50,078 INFO o.a.j.s.SaveService: Using SaveService properties version 5.0
2025-04-27 23:08:50,082 INFO o.a.j.s.SaveService: Using SaveService properties file encoding UTF-8
2025-04-27 23:08:50,115 INFO o.a.j.r.p.NormalizerSampleConsumer: Using format, 'ms', to parse timeStamp field
2025-04-27 23:08:50,285 INFO o.a.j.r.p.AbstractSampleConsumer: class org.apache.jmeter.report.processor.AggregateConsumer#stopProducing(): beginDate produced 0 samples
2025-04-27 23:08:50,286 INFO o.a.j.r.p.AbstractSampleConsumer: class org.apache.jmeter.report.processor.AggregateConsumer#stopProducing(): endDate produced 0 samples
2025-04-27 23:08:50,288 INFO o.a.j.r.p.AbstractSampleConsumer: class org.apache.jmeter.report.processor.ApdexSummaryConsumer#stopProducing(): apdexSummary produced 0 samples
2025-04-27 23:08:50,288 INFO o.a.j.r.p.AbstractSampleConsumer: class org.apache.jmeter.report.processor.RequestsSummaryConsumer#stopProducing(): requestsSummary produced 0 samples
2025-04-27 23:08:50,292 INFO o.a.j.r.p.AbstractSampleConsumer: class org.apache.jmeter.report.processor.StatisticsSummaryConsumer#stopProducing(): statisticsSummary produced 0 samples
2025-04-27 23:08:50,295 INFO o.a.j.r.p.AbstractSampleConsumer: class org.apache.jmeter.report.processor.Top5ErrorsBySamplerConsumer#stopProducing(): top5ErrorsBySampler produced 0 samples
2025-04-27 23:08:50,295 INFO o.a.j.r.p.AbstractSampleConsumer: class org.apache.jmeter.report.processor.ErrorsSummaryConsumer#stopProducing(): errorsSummary produced 0 samples
2025-04-27 23:08:50,295 INFO o.a.j.r.p.AbstractSampleConsumer: class org.apache.jmeter.report.processor.graph.impl.HitsPerSecondGraphConsumer#stopProducing(): hitsPerSecond produced 0 samples
2025-04-27 23:08:50,360 INFO o.a.j.r.p.AbstractSampleConsumer: class org.apache.jmeter.report.processor.graph.impl.LatencyVSRequestGraphConsumer#stopProducing(): latencyVsRequest produced 0 samples
2025-04-27 23:08:50,360 INFO o.a.j.r.p.AbstractSampleConsumer: class org.apache.jmeter.report.processor.graph.impl.SyntheticResponseTimeDistributionGraphConsumer#stopProducing(): syntheticResponseTimeDistribution produced 0 samples
2025-04-27 23:08:50,364 INFO o.a.j.r.p.AbstractSampleConsumer: class org.apache.jmeter.report.processor.graph.impl.BytesThroughputGraphConsumer#stopProducing(): bytesThroughputOverTime produced 0 samples
2025-04-27 23:08:50,364 INFO o.a.j.r.p.AbstractSampleConsumer: class org.apache.jmeter.report.processor.graph.impl.CodesPerSecondGraphConsumer#stopProducing(): codesPerSecond produced 0 samples
2025-04-27 23:08:50,431 INFO o.a.j.r.p.AbstractSampleConsumer: class org.apache.jmeter.report.processor.graph.impl.ResponseTimeVSRequestGraphConsumer#stopProducing(): responseTimeVsRequest produced 0 samples
2025-04-27 23:08:50,431 INFO o.a.j.r.p.AbstractSampleConsumer: class org.apache.jmeter.report.processor.FilterConsumer#stopProducing(): startIntervalControlerFilter produced 2100 samples
2025-04-27 23:08:50,431 INFO o.a.j.r.p.AbstractSampleConsumer: class org.apache.jmeter.report.processor.graph.impl.TotalTPSGraphConsumer#stopProducing(): totalTPS produced 0 samples
2025-04-27 23:08:50,431 INFO o.a.j.r.p.AbstractSampleConsumer: class org.apache.jmeter.report.processor.graph.impl.ActiveThreadsGraphConsumer#stopProducing(): activeThreadsOverTime produced 0 samples
2025-04-27 23:08:50,434 INFO o.a.j.r.p.AbstractSampleConsumer: class org.apache.jmeter.report.processor.graph.impl.TimeVSThreadGraphConsumer#stopProducing(): timeVsThreads produced 0 samples
2025-04-27 23:08:50,434 INFO o.a.j.r.p.AbstractSampleConsumer: class org.apache.jmeter.report.processor.graph.impl.ResponseTimeDistributionGraphConsumer#stopProducing(): responseTimeDistribution produced 0 samples
2025-04-27 23:08:50,435 INFO o.a.j.r.p.AbstractSampleConsumer: class org.apache.jmeter.report.processor.graph.impl.TransactionsPerSecondGraphConsumer#stopProducing(): transactionsPerSecond produced 0 samples
2025-04-27 23:08:50,435 INFO o.a.j.r.p.AbstractSampleConsumer: class org.apache.jmeter.report.processor.graph.impl.ResponseTimePercentilesGraphConsumer#stopProducing(): responseTimePercentiles produced 0 samples
2025-04-27 23:08:50,441 INFO o.a.j.r.p.AbstractSampleConsumer: class org.apache.jmeter.report.processor.graph.impl.ResponseTimePercentilesOverTimeGraphConsumer#stopProducing(): responseTimePercentilesOverTime produced 0 samples
2025-04-27 23:08:50,442 INFO o.a.j.r.p.AbstractSampleConsumer: class org.apache.jmeter.report.processor.graph.impl.ResponseTimeOverTimeGraphConsumer#stopProducing(): responseTimesOverTime produced 0 samples
2025-04-27 23:08:50,442 INFO o.a.j.r.p.AbstractSampleConsumer: class org.apache.jmeter.report.processor.graph.impl.ConnectTimeOverTimeGraphConsumer#stopProducing(): connectTimeOverTime produced 0 samples
2025-04-27 23:08:50,442 INFO o.a.j.r.p.AbstractSampleConsumer: class org.apache.jmeter.report.processor.graph.impl.LatencyOverTimeGraphConsumer#stopProducing(): latenciesOverTime produced 0 samples
2025-04-27 23:08:50,442 INFO o.a.j.r.p.AbstractSampleConsumer: class org.apache.jmeter.report.processor.FilterConsumer#stopProducing(): nameFilter produced 4500 samples
2025-04-27 23:08:50,442 INFO o.a.j.r.p.AbstractSampleConsumer: class org.apache.jmeter.report.processor.FilterConsumer#stopProducing(): dateRangeFilter produced 900 samples
2025-04-27 23:08:50,442 INFO o.a.j.r.p.AbstractSampleConsumer: class org.apache.jmeter.report.processor.NormalizerSampleConsumer#stopProducing(): normalizer produced 300 samples
2025-04-27 23:08:50,442 INFO o.a.j.r.p.CsvFileSampleSource: produce(): 300 samples produced in 294ms on channel 0
2025-04-27 23:08:50,445 INFO o.a.j.r.d.ReportGenerator: Exporting data using exporter:'json' of className:'org.apache.jmeter.report.dashboard.JsonExporter'
2025-04-27 23:08:50,541 INFO o.a.j.r.d.JsonExporter: Found data for consumer statisticsSummary in context
2025-04-27 23:08:50,541 INFO o.a.j.r.d.JsonExporter: Creating statistics for overall
2025-04-27 23:08:50,541 INFO o.a.j.r.d.JsonExporter: Creating statistics for other transactions
2025-04-27 23:08:50,543 INFO o.a.j.r.d.JsonExporter: Checking output folder
2025-04-27 23:08:50,543 INFO o.a.j.r.d.JsonExporter: Writing statistics JSON to D:\Dummyjson_performance\result\report\statistics.json
2025-04-27 23:08:50,583 INFO o.a.j.r.d.ReportGenerator: Exporting data using exporter:'html' of className:'org.apache.jmeter.report.dashboard.HtmlTemplateExporter'
2025-04-27 23:08:50,584 INFO o.a.j.r.d.HtmlTemplateExporter: Will generate dashboard in folder: D:\Dummyjson_performance\result\report
2025-04-27 23:08:50,716 INFO o.a.j.r.d.HtmlTemplateExporter: Report will be generated in: D:\Dummyjson_performance\result\report, creating folder structure
2025-04-27 23:08:50,727 INFO o.a.j.r.d.TemplateVisitor: Copying folder from 'C:\Users\WELCOME\jmeter\apache-jmeter-5.6.3\bin\report-template' to 'D:\Dummyjson_performance\result\report', got message: D:\Dummyjson_performance\result\report, found non empty folder with following content [D:\Dummyjson_performance\result\report\statistics.json], will be ignored
